[2020-05-20T13:10:12.240] [DEBUG] cheese - login => username:admin,password:123456
[2020-05-20T13:10:12.241] [DEBUG] cheese - admin
[2020-05-20T13:10:12.266] [DEBUG] cheese - null
[2020-05-20T13:10:12.266] [DEBUG] cheese - null
[2020-05-20T15:46:53.346] [DEBUG] cheese - login => username:admin,password:123456
[2020-05-20T15:46:53.347] [DEBUG] cheese - admin
[2020-05-20T15:46:53.353] [DEBUG] cheese - null
[2020-05-20T15:46:53.354] [DEBUG] cheese - null
[2020-05-20T16:04:49.019] [DEBUG] cheese - login => username:admin,password:123456
[2020-05-20T16:04:49.020] [DEBUG] cheese - admin
[2020-05-20T16:04:49.023] [DEBUG] cheese - null
[2020-05-20T16:04:49.023] [DEBUG] cheese - null
[2020-05-20T16:12:01.859] [DEBUG] cheese - login => username:a's'd,password:asd
[2020-05-20T16:12:01.859] [DEBUG] cheese - a's'd
[2020-05-20T16:12:01.862] [DEBUG] cheese - null
[2020-05-20T16:12:01.862] [DEBUG] cheese - null
[2020-05-20T16:12:11.785] [DEBUG] cheese - login => username:a's'd,password:asd
[2020-05-20T16:12:11.785] [DEBUG] cheese - a's'd
[2020-05-20T16:12:11.787] [DEBUG] cheese - null
[2020-05-20T16:12:11.788] [DEBUG] cheese - null
[2020-05-20T16:12:13.673] [DEBUG] cheese - login => username:a's'd,password:asd
[2020-05-20T16:12:13.673] [DEBUG] cheese - a's'd
[2020-05-20T16:12:13.674] [DEBUG] cheese - null
[2020-05-20T16:12:13.674] [DEBUG] cheese - null
[2020-05-20T16:13:27.032] [DEBUG] cheese - login => username:admin,password:123456
[2020-05-20T16:13:27.032] [DEBUG] cheese - admin
[2020-05-20T16:13:27.034] [DEBUG] cheese - null
[2020-05-20T16:13:27.034] [DEBUG] cheese - null
[2020-05-20T16:13:57.104] [DEBUG] cheese - login => username:admin,password:123456
[2020-05-20T16:13:57.104] [DEBUG] cheese - admin
[2020-05-20T16:13:57.106] [DEBUG] cheese - null
[2020-05-20T16:13:57.106] [DEBUG] cheese - null
[2020-05-20T17:01:07.480] [DEBUG] cheese - login => username:admin,password:123
[2020-05-20T17:01:07.481] [DEBUG] cheese - admin
[2020-05-20T17:01:07.483] [DEBUG] cheese - null
[2020-05-20T17:01:07.483] [DEBUG] cheese - null
[2020-05-20T17:01:10.933] [DEBUG] cheese - login => username:admin,password:123456
[2020-05-20T17:01:10.933] [DEBUG] cheese - admin
[2020-05-20T17:01:10.935] [DEBUG] cheese - null
[2020-05-20T17:01:10.935] [DEBUG] cheese - null
[2020-05-21T14:06:43.261] [DEBUG] cheese - login => username:admin,password:123456
[2020-05-21T14:06:43.261] [DEBUG] cheese - admin
[2020-05-21T14:06:43.264] [DEBUG] cheese - null
[2020-05-21T14:06:43.264] [DEBUG] cheese - null
[2020-05-21T16:46:42.162] [DEBUG] cheese - login => username:admin,password:123456
[2020-05-21T16:46:42.163] [DEBUG] cheese - admin
[2020-05-21T16:46:42.168] [DEBUG] cheese - null
[2020-05-21T16:46:42.168] [DEBUG] cheese - null
[2020-05-21T16:52:48.294] [DEBUG] cheese - login => username:admin,password:123456
[2020-05-21T16:52:48.294] [DEBUG] cheese - admin
[2020-05-21T16:52:48.297] [DEBUG] cheese - null
[2020-05-21T16:52:48.297] [DEBUG] cheese - null
[2020-05-21T18:12:56.375] [DEBUG] cheese - login => username:admin,password:123456
[2020-05-21T18:12:56.375] [DEBUG] cheese - admin
[2020-05-21T18:12:56.385] [DEBUG] cheese - null
[2020-05-21T18:12:56.385] [DEBUG] cheese - null
[2020-05-21T18:17:20.049] [DEBUG] cheese - login => username:admin,password:123456
[2020-05-21T18:17:20.049] [DEBUG] cheese - admin
[2020-05-21T18:17:20.052] [DEBUG] cheese - null
[2020-05-21T18:17:20.052] [DEBUG] cheese - null
[2020-05-21T18:17:35.590] [DEBUG] cheese - login => username:admin,password:123
[2020-05-21T18:17:35.590] [DEBUG] cheese - admin
[2020-05-21T18:17:35.593] [DEBUG] cheese - null
[2020-05-21T18:17:35.593] [DEBUG] cheese - null
[2020-05-21T18:17:38.588] [DEBUG] cheese - login => username:admin,password:123456
[2020-05-21T18:17:38.588] [DEBUG] cheese - admin
[2020-05-21T18:17:38.590] [DEBUG] cheese - null
[2020-05-21T18:17:38.590] [DEBUG] cheese - null
[2020-05-21T18:18:35.914] [DEBUG] cheese - login => username:admin,password:123
[2020-05-21T18:18:35.914] [DEBUG] cheese - admin
[2020-05-21T18:18:35.917] [DEBUG] cheese - null
[2020-05-21T18:18:35.917] [DEBUG] cheese - null
[2020-05-21T18:18:38.516] [DEBUG] cheese - login => username:admin,password:123456
[2020-05-21T18:18:38.516] [DEBUG] cheese - admin
[2020-05-21T18:18:38.518] [DEBUG] cheese - null
[2020-05-21T18:18:38.518] [DEBUG] cheese - null
[2020-05-25T08:44:01.302] [DEBUG] cheese - login => username:admin,password:123456
[2020-05-25T08:44:01.303] [DEBUG] cheese - admin
[2020-05-25T08:44:01.373] [DEBUG] cheese - null
[2020-05-25T08:44:01.374] [DEBUG] cheese - null
[2020-05-26T13:49:48.541] [DEBUG] cheese - login => username:admin,password:123
[2020-05-26T13:49:48.542] [DEBUG] cheese - admin
[2020-05-26T13:49:48.571] [DEBUG] cheese - null
[2020-05-26T13:49:48.571] [DEBUG] cheese - null
[2020-05-26T13:49:51.938] [DEBUG] cheese - login => username:admin,password:123456
[2020-05-26T13:49:51.938] [DEBUG] cheese - admin
[2020-05-26T13:49:51.941] [DEBUG] cheese - null
[2020-05-26T13:49:51.941] [DEBUG] cheese - null
[2020-05-27T10:56:50.224] [DEBUG] cheese - login => username:admin,password:123456
[2020-05-27T10:56:50.225] [DEBUG] cheese - admin
[2020-05-27T10:56:50.246] [DEBUG] cheese - null
[2020-05-27T10:56:50.246] [DEBUG] cheese - null
[2020-05-28T13:20:10.445] [DEBUG] cheese - login => username:admin,password:123456
[2020-05-28T13:20:10.446] [DEBUG] cheese - admin
[2020-05-28T13:20:10.493] [DEBUG] cheese - null
[2020-05-28T13:20:10.493] [DEBUG] cheese - null
[2020-05-28T14:38:43.673] [DEBUG] cheese - login => username:admin,password:123456
[2020-05-28T14:38:43.674] [DEBUG] cheese - admin
[2020-05-28T14:38:43.681] [DEBUG] cheese - null
[2020-05-28T14:38:43.682] [DEBUG] cheese - null
[2020-05-28T14:43:36.098] [DEBUG] cheese - login => username:admin,password:123456
[2020-05-28T14:43:36.099] [DEBUG] cheese - admin
[2020-05-28T14:43:36.106] [DEBUG] cheese - null
[2020-05-28T14:43:36.107] [DEBUG] cheese - null
[2020-05-29T21:03:53.391] [DEBUG] cheese - login => username:admin,password:123456
[2020-05-29T21:03:53.397] [DEBUG] cheese - admin
[2020-05-29T21:03:53.436] [DEBUG] cheese - null
[2020-05-29T21:03:53.436] [DEBUG] cheese - null
[2020-06-01T14:06:03.547] [DEBUG] cheese - login => username:admin,password:123456
[2020-06-01T14:06:03.548] [DEBUG] cheese - admin
[2020-06-01T14:06:03.579] [DEBUG] cheese - null
[2020-06-01T14:06:03.580] [DEBUG] cheese - null
[2020-06-02T14:12:52.676] [DEBUG] cheese - login => username:admin,password:123456
[2020-06-02T14:12:52.677] [DEBUG] cheese - admin
[2020-06-02T14:12:52.683] [DEBUG] cheese - null
[2020-06-02T14:12:52.684] [DEBUG] cheese - null
[2020-06-02T20:25:57.635] [DEBUG] cheese - login => username:admin,password:123456
[2020-06-02T20:25:57.636] [DEBUG] cheese - admin
[2020-06-02T20:25:57.644] [DEBUG] cheese - null
[2020-06-02T20:25:57.644] [DEBUG] cheese - null
[2020-06-03T09:51:08.416] [DEBUG] cheese - login => username:admin,password:123456
[2020-06-03T09:51:08.417] [DEBUG] cheese - admin
[2020-06-03T09:51:08.468] [DEBUG] cheese - null
[2020-06-03T09:51:08.468] [DEBUG] cheese - null
[2020-06-04T12:00:25.297] [DEBUG] cheese - login => username:admin,password:123456
[2020-06-04T12:00:25.299] [DEBUG] cheese - admin
[2020-06-04T12:00:25.329] [DEBUG] cheese - null
[2020-06-04T12:00:25.329] [DEBUG] cheese - null
[2020-06-05T13:34:25.296] [DEBUG] cheese - login => username:admin,password:123456
[2020-06-05T13:34:25.298] [DEBUG] cheese - admin
[2020-06-05T13:34:25.302] [DEBUG] cheese - null
[2020-06-05T13:34:25.303] [DEBUG] cheese - null
[2020-06-05T13:38:00.794] [DEBUG] cheese - login => username:admin,password:123456
[2020-06-05T13:38:00.794] [DEBUG] cheese - admin
[2020-06-05T13:38:00.796] [DEBUG] cheese - null
[2020-06-05T13:38:00.796] [DEBUG] cheese - null
[2020-06-10T09:39:10.485] [DEBUG] cheese - login => username:admin,password:123456
[2020-06-10T09:39:10.486] [DEBUG] cheese - admin
[2020-06-10T09:39:10.743] [DEBUG] cheese - null
[2020-06-10T09:39:10.743] [DEBUG] cheese - null
[2020-06-11T15:43:23.047] [DEBUG] cheese - login => username:admin,password:123456
[2020-06-11T15:43:23.049] [DEBUG] cheese - admin
[2020-06-11T15:43:23.258] [DEBUG] cheese - null
[2020-06-11T15:43:23.258] [DEBUG] cheese - null
[2020-06-12T16:46:27.797] [DEBUG] cheese - login => username:admin,password:123456
[2020-06-12T16:46:27.799] [DEBUG] cheese - admin
[2020-06-12T16:46:27.804] [DEBUG] cheese - null
[2020-06-12T16:46:27.805] [DEBUG] cheese - null
[2020-06-15T14:09:18.863] [DEBUG] cheese - login => username:admi,password:123456
[2020-06-15T14:09:18.864] [DEBUG] cheese - admi
[2020-06-15T14:09:19.209] [DEBUG] cheese - null
[2020-06-15T14:09:19.209] [DEBUG] cheese - null
[2020-06-15T14:09:23.981] [DEBUG] cheese - login => username:admin,password:123456
[2020-06-15T14:09:23.981] [DEBUG] cheese - admin
[2020-06-15T14:09:24.006] [DEBUG] cheese - null
[2020-06-15T14:09:24.006] [DEBUG] cheese - null
[2020-06-16T14:10:58.033] [DEBUG] cheese - login => username:admin,password:123456
[2020-06-16T14:10:58.034] [DEBUG] cheese - admin
[2020-06-16T14:10:58.039] [DEBUG] cheese - null
[2020-06-16T14:10:58.040] [DEBUG] cheese - null
[2020-06-17T09:37:29.831] [DEBUG] cheese - login => username:admin,password:123456
[2020-06-17T09:37:29.833] [DEBUG] cheese - admin
[2020-06-17T09:37:29.836] [DEBUG] cheese - null
[2020-06-17T09:37:29.836] [DEBUG] cheese - null
[2020-06-17T16:09:46.264] [DEBUG] cheese - null
[2020-06-17T16:29:13.772] [DEBUG] cheese - null
[2020-06-17T16:30:14.285] [DEBUG] cheese - null
[2020-06-17T16:54:44.985] [DEBUG] cheese - null
[2020-06-17T16:55:01.348] [DEBUG] cheese - null
[2020-06-17T16:55:26.847] [DEBUG] cheese - null
[2020-06-17T16:55:54.889] [DEBUG] cheese - null
[2020-06-17T16:56:36.489] [DEBUG] cheese - null
[2020-06-17T16:56:59.340] [DEBUG] cheese - login => username:admin,password:123456
[2020-06-17T16:56:59.340] [DEBUG] cheese - admin
[2020-06-17T16:56:59.366] [DEBUG] cheese - null
[2020-06-17T16:56:59.366] [DEBUG] cheese - null
[2020-06-17T16:57:13.346] [DEBUG] cheese - null
[2020-06-17T16:57:40.891] [DEBUG] cheese - null
[2020-06-17T16:58:50.409] [DEBUG] cheese - null
[2020-06-17T16:59:36.994] [DEBUG] cheese - null
[2020-06-17T17:01:09.466] [DEBUG] cheese - null
[2020-06-17T17:01:19.510] [DEBUG] cheese - null
[2020-06-17T17:01:35.291] [DEBUG] cheese - null
[2020-06-17T17:02:27.922] [DEBUG] cheese - null
[2020-06-17T17:02:33.810] [DEBUG] cheese - null
[2020-06-17T17:02:39.280] [DEBUG] cheese - null
[2020-06-17T17:47:43.050] [DEBUG] cheese - null
[2020-06-17T17:48:40.069] [DEBUG] cheese - null
[2020-06-17T17:50:07.235] [DEBUG] cheese - null
[2020-06-17T17:50:17.325] [DEBUG] cheese - null
[2020-06-17T17:52:27.552] [DEBUG] cheese - null
[2020-06-17T17:54:00.050] [DEBUG] cheese - null
[2020-06-17T17:55:39.847] [DEBUG] cheese - null
[2020-06-17T17:56:20.577] [DEBUG] cheese - null
[2020-06-17T22:45:01.461] [DEBUG] cheese - null
[2020-06-18T09:36:01.397] [DEBUG] cheese - login => username:123,password:123
[2020-06-18T09:36:01.398] [DEBUG] cheese - 123
[2020-06-18T09:36:01.401] [DEBUG] cheese - null
[2020-06-18T09:36:01.401] [DEBUG] cheese - null
[2020-06-18T09:36:08.188] [DEBUG] cheese - login => username:admin,password:123456
[2020-06-18T09:36:08.188] [DEBUG] cheese - admin
[2020-06-18T09:36:08.190] [DEBUG] cheese - null
[2020-06-18T09:36:08.190] [DEBUG] cheese - null
[2020-06-18T09:36:31.326] [DEBUG] cheese - login => username:123,password:123
[2020-06-18T09:36:31.326] [DEBUG] cheese - 123
[2020-06-18T09:36:31.333] [DEBUG] cheese - null
[2020-06-18T09:36:31.333] [DEBUG] cheese - null
[2020-06-18T09:36:33.199] [DEBUG] cheese - null
[2020-06-18T09:36:33.203] [DEBUG] cheese - null
[2020-06-18T09:36:34.400] [DEBUG] cheese - null
[2020-06-18T09:36:34.402] [DEBUG] cheese - null
[2020-06-18T09:36:34.404] [DEBUG] cheese - null
[2020-06-18T09:36:34.408] [DEBUG] cheese - null
[2020-06-18T09:36:37.432] [DEBUG] cheese - null
[2020-06-18T09:36:37.434] [DEBUG] cheese - null
[2020-06-18T09:36:37.437] [DEBUG] cheese - null
[2020-06-18T09:36:37.441] [DEBUG] cheese - null
[2020-06-18T09:36:45.454] [DEBUG] cheese - null
[2020-06-18T09:36:45.456] [DEBUG] cheese - null
[2020-06-18T09:36:45.459] [DEBUG] cheese - null
[2020-06-18T09:36:45.461] [DEBUG] cheese - null
[2020-06-18T09:37:16.445] [DEBUG] cheese - null
[2020-06-18T09:37:16.488] [DEBUG] cheese - null
[2020-06-18T09:37:16.494] [DEBUG] cheese - null
[2020-06-18T09:37:16.497] [DEBUG] cheese - null
[2020-06-18T09:37:21.719] [DEBUG] cheese - null
[2020-06-18T09:37:21.722] [DEBUG] cheese - null
[2020-06-18T09:37:21.724] [DEBUG] cheese - null
[2020-06-18T09:37:21.729] [DEBUG] cheese - null
[2020-06-18T09:48:06.081] [DEBUG] cheese - null
[2020-06-18T09:48:06.088] [DEBUG] cheese - null
[2020-06-18T09:48:08.062] [DEBUG] cheese - null
[2020-06-18T09:48:08.065] [DEBUG] cheese - null
[2020-06-18T09:48:34.143] [DEBUG] cheese - null
[2020-06-18T09:48:34.157] [DEBUG] cheese - null
[2020-06-18T09:50:33.166] [DEBUG] cheese - null
[2020-06-18T09:50:33.200] [DEBUG] cheese - null
[2020-06-18T09:51:32.799] [DEBUG] cheese - null
[2020-06-18T09:51:32.840] [DEBUG] cheese - null
[2020-06-18T09:54:24.496] [DEBUG] cheese - null
[2020-06-18T09:54:24.553] [DEBUG] cheese - null
[2020-06-18T09:55:00.365] [DEBUG] cheese - null
[2020-06-18T09:55:00.368] [DEBUG] cheese - null
[2020-06-18T09:55:20.443] [DEBUG] cheese - null
[2020-06-18T09:55:20.448] [DEBUG] cheese - null
[2020-06-18T09:55:29.068] [DEBUG] cheese - null
[2020-06-18T09:55:29.080] [DEBUG] cheese - null
[2020-06-18T09:55:31.118] [DEBUG] cheese - null
[2020-06-18T09:55:31.152] [DEBUG] cheese - null
[2020-06-18T09:56:28.589] [DEBUG] cheese - null
[2020-06-18T09:56:28.592] [DEBUG] cheese - null
[2020-06-18T10:01:22.903] [DEBUG] cheese - null
[2020-06-18T10:01:22.929] [DEBUG] cheese - null
[2020-06-18T10:01:39.372] [DEBUG] cheese - null
[2020-06-18T10:01:39.395] [DEBUG] cheese - null
[2020-06-18T10:01:42.724] [DEBUG] cheese - null
[2020-06-18T10:01:42.733] [DEBUG] cheese - null
[2020-06-18T10:01:44.137] [DEBUG] cheese - null
[2020-06-18T10:01:44.139] [DEBUG] cheese - null
[2020-06-18T10:01:55.535] [DEBUG] cheese - null
[2020-06-18T10:01:55.577] [DEBUG] cheese - null
[2020-06-18T10:01:59.292] [DEBUG] cheese - null
[2020-06-18T10:01:59.299] [DEBUG] cheese - null
[2020-06-18T10:02:05.571] [DEBUG] cheese - null
[2020-06-18T10:02:05.572] [DEBUG] cheese - null
[2020-06-18T10:03:22.188] [DEBUG] cheese - null
[2020-06-18T10:03:22.208] [DEBUG] cheese - null
[2020-06-18T13:49:53.246] [DEBUG] cheese - null
[2020-06-18T13:49:53.250] [DEBUG] cheese - null
[2020-06-18T14:27:50.449] [DEBUG] cheese - null
[2020-06-18T14:27:50.452] [DEBUG] cheese - null
[2020-06-18T14:29:39.708] [DEBUG] cheese - null
[2020-06-18T14:29:39.710] [DEBUG] cheese - null
[2020-06-18T14:29:58.526] [DEBUG] cheese - null
[2020-06-18T14:29:58.528] [DEBUG] cheese - null
[2020-06-18T14:30:08.682] [DEBUG] cheese - null
[2020-06-18T14:30:08.691] [DEBUG] cheese - null
[2020-06-18T14:30:40.608] [DEBUG] cheese - null
[2020-06-18T14:30:40.611] [DEBUG] cheese - null
[2020-06-18T14:31:05.248] [DEBUG] cheese - null
[2020-06-18T14:31:05.250] [DEBUG] cheese - null
[2020-06-18T14:31:25.021] [DEBUG] cheese - null
[2020-06-18T14:31:25.024] [DEBUG] cheese - null
[2020-06-18T14:31:48.512] [DEBUG] cheese - null
[2020-06-18T14:31:48.546] [DEBUG] cheese - null
[2020-06-18T14:31:52.830] [DEBUG] cheese - null
[2020-06-18T14:31:52.882] [DEBUG] cheese - null
[2020-06-18T14:31:55.519] [DEBUG] cheese - null
[2020-06-18T14:31:55.522] [DEBUG] cheese - null
[2020-06-18T14:33:20.107] [DEBUG] cheese - null
[2020-06-18T14:33:20.122] [DEBUG] cheese - null
[2020-06-18T14:33:26.907] [DEBUG] cheese - null
[2020-06-18T14:33:26.914] [DEBUG] cheese - null
[2020-06-18T14:33:47.691] [DEBUG] cheese - null
[2020-06-18T14:33:47.695] [DEBUG] cheese - null
[2020-06-18T14:33:52.107] [DEBUG] cheese - null
[2020-06-18T14:33:52.112] [DEBUG] cheese - null
[2020-06-18T14:35:00.180] [DEBUG] cheese - null
[2020-06-18T14:35:00.199] [DEBUG] cheese - null
[2020-06-18T14:35:03.219] [DEBUG] cheese - null
[2020-06-18T14:35:03.252] [DEBUG] cheese - null
[2020-06-18T14:35:08.584] [DEBUG] cheese - null
[2020-06-18T14:35:08.587] [DEBUG] cheese - null
[2020-06-18T14:35:10.934] [DEBUG] cheese - null
[2020-06-18T14:35:10.940] [DEBUG] cheese - null
[2020-06-18T14:35:17.948] [DEBUG] cheese - null
[2020-06-18T14:35:17.950] [DEBUG] cheese - null
[2020-06-18T14:35:41.051] [DEBUG] cheese - null
[2020-06-18T14:35:41.076] [DEBUG] cheese - null
[2020-06-18T14:35:43.128] [DEBUG] cheese - null
[2020-06-18T14:35:43.168] [DEBUG] cheese - null
[2020-06-18T14:37:11.791] [DEBUG] cheese - null
[2020-06-18T14:37:11.830] [DEBUG] cheese - null
[2020-06-18T14:37:18.817] [DEBUG] cheese - null
[2020-06-18T14:37:18.818] [DEBUG] cheese - null
[2020-06-18T14:37:36.049] [DEBUG] cheese - null
[2020-06-18T14:37:36.050] [DEBUG] cheese - null
[2020-06-18T14:38:01.554] [DEBUG] cheese - null
[2020-06-18T14:38:01.581] [DEBUG] cheese - null
[2020-06-18T14:38:03.576] [DEBUG] cheese - null
[2020-06-18T14:38:03.578] [DEBUG] cheese - null
[2020-06-18T14:40:44.790] [DEBUG] cheese - null
[2020-06-18T14:40:44.796] [DEBUG] cheese - null
[2020-06-18T14:44:08.396] [DEBUG] cheese - null
[2020-06-18T14:44:08.419] [DEBUG] cheese - null
[2020-06-18T14:46:05.968] [DEBUG] cheese - null
[2020-06-18T14:46:05.969] [DEBUG] cheese - null
[2020-06-18T14:52:12.874] [DEBUG] cheese - null
[2020-06-18T14:52:12.909] [DEBUG] cheese - null
[2020-06-18T14:52:34.071] [DEBUG] cheese - null
[2020-06-18T14:52:34.107] [DEBUG] cheese - null
[2020-06-18T14:52:40.011] [DEBUG] cheese - null
[2020-06-18T14:52:40.012] [DEBUG] cheese - null
[2020-06-18T14:52:41.946] [DEBUG] cheese - null
[2020-06-18T14:52:41.984] [DEBUG] cheese - null
[2020-06-18T14:53:32.344] [DEBUG] cheese - null
[2020-06-18T14:53:32.482] [DEBUG] cheese - null
[2020-06-18T14:54:57.131] [DEBUG] cheese - null
[2020-06-18T14:54:57.139] [DEBUG] cheese - null
[2020-06-18T14:56:07.784] [DEBUG] cheese - null
[2020-06-18T14:56:07.836] [DEBUG] cheese - null
[2020-06-18T14:57:01.851] [DEBUG] cheese - null
[2020-06-18T14:57:01.864] [DEBUG] cheese - null
[2020-06-18T14:57:42.060] [DEBUG] cheese - null
[2020-06-18T14:57:42.073] [DEBUG] cheese - null
[2020-06-18T14:58:50.295] [DEBUG] cheese - null
[2020-06-18T14:58:50.400] [DEBUG] cheese - null
[2020-06-18T14:58:52.024] [DEBUG] cheese - null
[2020-06-18T14:58:52.042] [DEBUG] cheese - null
[2020-06-18T14:58:53.850] [DEBUG] cheese - null
[2020-06-18T14:58:53.909] [DEBUG] cheese - null
[2020-06-18T14:59:00.613] [DEBUG] cheese - null
[2020-06-18T14:59:00.614] [DEBUG] cheese - null
[2020-06-18T15:01:21.415] [DEBUG] cheese - null
[2020-06-18T15:01:21.451] [DEBUG] cheese - null
[2020-06-18T15:01:56.310] [DEBUG] cheese - null
[2020-06-18T15:01:56.341] [DEBUG] cheese - null
[2020-06-18T15:02:26.103] [DEBUG] cheese - null
[2020-06-18T15:02:26.105] [DEBUG] cheese - null
[2020-06-18T15:03:04.972] [DEBUG] cheese - null
[2020-06-18T15:03:04.974] [DEBUG] cheese - null
[2020-06-19T13:55:58.843] [DEBUG] cheese - login => username:admin,password:123456
[2020-06-19T13:55:58.847] [DEBUG] cheese - admin
[2020-06-19T13:55:59.114] [DEBUG] cheese - null
[2020-06-19T13:55:59.114] [DEBUG] cheese - null
[2020-06-19T16:31:31.361] [DEBUG] cheese - login => username:admin,password:123456
[2020-06-19T16:31:31.363] [DEBUG] cheese - admin
[2020-06-19T16:31:31.380] [DEBUG] cheese - null
[2020-06-19T16:31:31.381] [DEBUG] cheese - null
[2020-06-20T14:05:51.519] [DEBUG] cheese - login => username:admin,password:123456
[2020-06-20T14:05:51.521] [DEBUG] cheese - admin
[2020-06-20T14:05:51.524] [DEBUG] cheese - null
[2020-06-20T14:05:51.524] [DEBUG] cheese - null
[2020-06-20T17:48:09.035] [DEBUG] cheese - login => username:admin,password:123456
[2020-06-20T17:48:09.036] [DEBUG] cheese - admin
[2020-06-20T17:48:09.135] [DEBUG] cheese - null
[2020-06-20T17:48:09.135] [DEBUG] cheese - null
[2020-07-03T10:17:13.363] [DEBUG] cheese - login => username:admin,password:123456
[2020-07-03T10:17:13.364] [DEBUG] cheese - admin
[2020-07-03T10:17:13.505] [DEBUG] cheese - null
[2020-07-03T10:17:13.506] [DEBUG] cheese - null
[2020-07-03T13:58:22.474] [DEBUG] cheese - login => username:admin,password:123456
[2020-07-03T13:58:22.475] [DEBUG] cheese - admin
[2020-07-03T13:58:22.481] [DEBUG] cheese - null
[2020-07-03T13:58:22.482] [DEBUG] cheese - null
[2020-07-03T13:59:01.425] [DEBUG] cheese - login => username:admin,password:123456
[2020-07-03T13:59:01.426] [DEBUG] cheese - admin
[2020-07-03T13:59:01.454] [DEBUG] cheese - null
[2020-07-03T13:59:01.454] [DEBUG] cheese - null
[2020-07-03T14:47:16.766] [DEBUG] cheese - login => username:admin,password:123456
[2020-07-03T14:47:16.766] [DEBUG] cheese - admin
[2020-07-03T14:47:16.798] [DEBUG] cheese - null
[2020-07-03T14:47:16.798] [DEBUG] cheese - null
[2020-07-03T14:55:11.597] [DEBUG] cheese - login => username:admin,password:123456
[2020-07-03T14:55:11.597] [DEBUG] cheese - admin
[2020-07-03T14:55:11.615] [DEBUG] cheese - null
[2020-07-03T14:55:11.615] [DEBUG] cheese - null
[2020-07-03T15:40:35.641] [DEBUG] cheese - login => username:admin,password:123456
[2020-07-03T15:40:35.641] [DEBUG] cheese - admin
[2020-07-03T15:40:35.666] [DEBUG] cheese - null
[2020-07-03T15:40:35.666] [DEBUG] cheese - null
[2020-07-04T14:25:04.392] [DEBUG] cheese - login => username:admin,password:123456
[2020-07-04T14:25:04.394] [DEBUG] cheese - admin
[2020-07-04T14:25:04.409] [DEBUG] cheese - null
[2020-07-04T14:25:04.409] [DEBUG] cheese - null
[2020-07-04T14:40:20.873] [DEBUG] cheese - login => username:admin,password:123456
[2020-07-04T14:40:20.874] [DEBUG] cheese - admin
[2020-07-04T14:40:20.878] [DEBUG] cheese - null
[2020-07-04T14:40:20.878] [DEBUG] cheese - null
[2020-07-04T14:41:13.819] [DEBUG] cheese - login => username:admin,password:123456
[2020-07-04T14:41:13.819] [DEBUG] cheese - admin
[2020-07-04T14:41:13.821] [DEBUG] cheese - null
[2020-07-04T14:41:13.821] [DEBUG] cheese - null
[2020-07-06T11:11:29.175] [DEBUG] cheese - login => username:admin,password:123456
[2020-07-06T11:11:29.183] [DEBUG] cheese - admin
[2020-07-06T11:11:29.551] [DEBUG] cheese - null
[2020-07-06T11:11:29.552] [DEBUG] cheese - null
[2020-07-06T13:52:49.999] [DEBUG] cheese - login => username:admin,password:123456
[2020-07-06T13:52:50.000] [DEBUG] cheese - admin
[2020-07-06T13:52:50.002] [DEBUG] cheese - null
[2020-07-06T13:52:50.002] [DEBUG] cheese - null
[2020-07-06T13:54:37.687] [DEBUG] cheese - login => username:admin,password:123456
[2020-07-06T13:54:37.687] [DEBUG] cheese - admin
[2020-07-06T13:54:37.689] [DEBUG] cheese - null
[2020-07-06T13:54:37.689] [DEBUG] cheese - null
